This is pdfTeX, Version 3.1415926-2.4-1.40.13 (MiKTeX 2.9 64-bit) (preloaded format=pdflatex 2013.10.17)  27 MAY 2015 21:26
entering extended mode
**D:/LaTex_Files/ICDM/total.tex
(D:/LaTex_Files/ICDM/total.tex
LaTeX2e <2011/06/27>
Babel <v3.8m> and hyphenation patterns for english, afrikaans, ancientgreek, ar
abic, armenian, assamese, basque, bengali, bokmal, bulgarian, catalan, coptic, 
croatian, czech, danish, dutch, esperanto, estonian, farsi, finnish, french, ga
lician, german, german-x-2012-05-30, greek, gujarati, hindi, hungarian, iceland
ic, indonesian, interlingua, irish, italian, kannada, kurmanji, latin, latvian,
 lithuanian, malayalam, marathi, mongolian, mongolianlmc, monogreek, ngerman, n
german-x-2012-05-30, nynorsk, oriya, panjabi, pinyin, polish, portuguese, roman
ian, russian, sanskrit, serbian, slovak, slovenian, spanish, swedish, swissgerm
an, tamil, telugu, turkish, turkmen, ukenglish, ukrainian, uppersorbian, usengl
ishmax, welsh, loaded.
(D:\LaTex_Files\ICDM\IEEEtran.cls
Document Class: IEEEtran 2012/11/21 V1.8c by Harald Hanche-Olsen and Anders Chr
istensen
-- Based on V1.7a by Michael Shell
-- See the "IEEEtran_HOWTO" manual for usage information.
-- http://www.michaelshell.org/tex/ieeetran/
\@IEEEtrantmpdimenA=\dimen102
\@IEEEtrantmpdimenB=\dimen103
\@IEEEtrantmpcountA=\count79
\@IEEEtrantmpcountB=\count80
\@IEEEtrantmptoksA=\toks14
LaTeX Font Info:    Try loading font information for OT1+ptm on input line 373.

("D:\MiKTeX 2.9\tex\latex\psnfss\ot1ptm.fd"
File: ot1ptm.fd 2001/06/04 font definitions for OT1/ptm.
)
-- Using 8.5in x 11in (letter) paper.
-- Using PDF output.
\@IEEEnormalsizeunitybaselineskip=\dimen104
-- This is a 10 point document.
\CLASSINFOnormalsizebaselineskip=\dimen105
\CLASSINFOnormalsizeunitybaselineskip=\dimen106
\IEEEnormaljot=\dimen107
LaTeX Font Info:    Font shape `OT1/ptm/bx/n' in size <5> not available
(Font)              Font shape `OT1/ptm/b/n' tried instead on input line 731.
LaTeX Font Info:    Font shape `OT1/ptm/bx/it' in size <5> not available
(Font)              Font shape `OT1/ptm/b/it' tried instead on input line 731.
LaTeX Font Info:    Font shape `OT1/ptm/bx/n' in size <7> not available
(Font)              Font shape `OT1/ptm/b/n' tried instead on input line 731.
LaTeX Font Info:    Font shape `OT1/ptm/bx/it' in size <7> not available
(Font)              Font shape `OT1/ptm/b/it' tried instead on input line 731.
LaTeX Font Info:    Font shape `OT1/ptm/bx/n' in size <8> not available
(Font)              Font shape `OT1/ptm/b/n' tried instead on input line 731.
LaTeX Font Info:    Font shape `OT1/ptm/bx/it' in size <8> not available
(Font)              Font shape `OT1/ptm/b/it' tried instead on input line 731.
LaTeX Font Info:    Font shape `OT1/ptm/bx/n' in size <9> not available
(Font)              Font shape `OT1/ptm/b/n' tried instead on input line 731.
LaTeX Font Info:    Font shape `OT1/ptm/bx/it' in size <9> not available
(Font)              Font shape `OT1/ptm/b/it' tried instead on input line 731.
LaTeX Font Info:    Font shape `OT1/ptm/bx/n' in size <10> not available
(Font)              Font shape `OT1/ptm/b/n' tried instead on input line 731.
LaTeX Font Info:    Font shape `OT1/ptm/bx/it' in size <10> not available
(Font)              Font shape `OT1/ptm/b/it' tried instead on input line 731.
LaTeX Font Info:    Font shape `OT1/ptm/bx/n' in size <11> not available
(Font)              Font shape `OT1/ptm/b/n' tried instead on input line 731.
LaTeX Font Info:    Font shape `OT1/ptm/bx/it' in size <11> not available
(Font)              Font shape `OT1/ptm/b/it' tried instead on input line 731.
LaTeX Font Info:    Font shape `OT1/ptm/bx/n' in size <12> not available
(Font)              Font shape `OT1/ptm/b/n' tried instead on input line 731.
LaTeX Font Info:    Font shape `OT1/ptm/bx/it' in size <12> not available
(Font)              Font shape `OT1/ptm/b/it' tried instead on input line 731.
LaTeX Font Info:    Font shape `OT1/ptm/bx/n' in size <17> not available
(Font)              Font shape `OT1/ptm/b/n' tried instead on input line 731.
LaTeX Font Info:    Font shape `OT1/ptm/bx/it' in size <17> not available
(Font)              Font shape `OT1/ptm/b/it' tried instead on input line 731.
LaTeX Font Info:    Font shape `OT1/ptm/bx/n' in size <20> not available
(Font)              Font shape `OT1/ptm/b/n' tried instead on input line 731.
LaTeX Font Info:    Font shape `OT1/ptm/bx/it' in size <20> not available
(Font)              Font shape `OT1/ptm/b/it' tried instead on input line 731.
LaTeX Font Info:    Font shape `OT1/ptm/bx/n' in size <24> not available
(Font)              Font shape `OT1/ptm/b/n' tried instead on input line 731.
LaTeX Font Info:    Font shape `OT1/ptm/bx/it' in size <24> not available
(Font)              Font shape `OT1/ptm/b/it' tried instead on input line 731.
\IEEEilabelindentA=\dimen108
\IEEEilabelindentB=\dimen109
\IEEEilabelindent=\dimen110
\IEEEelabelindent=\dimen111
\IEEEdlabelindent=\dimen112
\IEEElabelindent=\dimen113
\IEEEiednormlabelsep=\dimen114
\IEEEiedmathlabelsep=\dimen115
\IEEEiedtopsep=\skip41
\c@section=\count81
\c@subsection=\count82
\c@subsubsection=\count83
\c@paragraph=\count84
\c@IEEEsubequation=\count85
\abovecaptionskip=\skip42
\belowcaptionskip=\skip43
\c@figure=\count86
\c@table=\count87
\@IEEEeqnnumcols=\count88
\@IEEEeqncolcnt=\count89
\@IEEEtmpitemindent=\dimen116
\c@IEEEbiography=\count90
\@IEEEtranrubishbin=\box26
) ("D:\MiKTeX 2.9\tex\latex\graphics\graphicx.sty"
Package: graphicx 1999/02/16 v1.0f Enhanced LaTeX Graphics (DPC,SPQR)

("D:\MiKTeX 2.9\tex\latex\graphics\keyval.sty"
Package: keyval 1999/03/16 v1.13 key=value parser (DPC)
\KV@toks@=\toks15
)
("D:\MiKTeX 2.9\tex\latex\graphics\graphics.sty"
Package: graphics 2009/02/05 v1.0o Standard LaTeX Graphics (DPC,SPQR)

("D:\MiKTeX 2.9\tex\latex\graphics\trig.sty"
Package: trig 1999/03/16 v1.09 sin cos tan (DPC)
)
("D:\MiKTeX 2.9\tex\latex\00miktex\graphics.cfg"
File: graphics.cfg 2007/01/18 v1.5 graphics configuration of teTeX/TeXLive
)
Package graphics Info: Driver file: pdftex.def on input line 91.

("D:\MiKTeX 2.9\tex\latex\pdftex-def\pdftex.def"
File: pdftex.def 2011/05/27 v0.06d Graphics/color for pdfTeX

("D:\MiKTeX 2.9\tex\generic\oberdiek\infwarerr.sty"
Package: infwarerr 2010/04/08 v1.3 Providing info/warning/error messages (HO)
)
("D:\MiKTeX 2.9\tex\generic\oberdiek\ltxcmds.sty"
Package: ltxcmds 2011/11/09 v1.22 LaTeX kernel commands for general use (HO)
)
\Gread@gobject=\count91
))
\Gin@req@height=\dimen117
\Gin@req@width=\dimen118
)
("D:\MiKTeX 2.9\tex\latex\booktabs\booktabs.sty"
Package: booktabs 2005/04/14 v1.61803 publication quality tables
\heavyrulewidth=\dimen119
\lightrulewidth=\dimen120
\cmidrulewidth=\dimen121
\belowrulesep=\dimen122
\belowbottomsep=\dimen123
\aboverulesep=\dimen124
\abovetopsep=\dimen125
\cmidrulesep=\dimen126
\cmidrulekern=\dimen127
\defaultaddspace=\dimen128
\@cmidla=\count92
\@cmidlb=\count93
\@aboverulesep=\dimen129
\@belowrulesep=\dimen130
\@thisruleclass=\count94
\@lastruleclass=\count95
\@thisrulewidth=\dimen131
)
("D:\MiKTeX 2.9\tex\latex\subfigure\subfigure.sty"
Package: subfigure 2002/07/30 v2.1.4 subfigure package
\subfigtopskip=\skip44
\subfigcapskip=\skip45
\subfigcaptopadj=\dimen132
\subfigbottomskip=\skip46
\subfigcapmargin=\dimen133
\subfiglabelskip=\skip47
\c@subfigure=\count96
\c@lofdepth=\count97
\c@subtable=\count98
\c@lotdepth=\count99

****************************************
* Local config file subfigure.cfg used *
****************************************
("D:\MiKTeX 2.9\tex\latex\subfigure\subfigure.cfg")
\subfig@top=\skip48
\subfig@bottom=\skip49
)
("D:\MiKTeX 2.9\tex\latex\lipsum\lipsum.sty"
Package: lipsum 2011/04/14 v1.2 150 paragraphs of Lorem Ipsum dummy text
\c@lips@count=\count100
)
("D:\MiKTeX 2.9\tex\latex\tools\array.sty"
Package: array 2008/09/09 v2.4c Tabular extension package (FMi)
\col@sep=\dimen134
\extrarowheight=\dimen135
\NC@list=\toks16
\extratabsurround=\skip50
\backup@length=\skip51
)
("D:\MiKTeX 2.9\tex\latex\algorithms\algorithm.sty"
Package: algorithm 2009/08/24 v0.1 Document Style `algorithm' - floating enviro
nment

("D:\MiKTeX 2.9\tex\latex\float\float.sty"
Package: float 2001/11/08 v1.3d Float enhancements (AL)
\c@float@type=\count101
\float@exts=\toks17
\float@box=\box27
\@float@everytoks=\toks18
\@floatcapt=\box28
)
("D:\MiKTeX 2.9\tex\latex\base\ifthen.sty"
Package: ifthen 2001/05/26 v1.1c Standard LaTeX ifthen package (DPC)
)
\@float@every@algorithm=\toks19
\c@algorithm=\count102
)
("D:\MiKTeX 2.9\tex\latex\algorithms\algorithmic.sty"
Package: algorithmic 2009/08/24 v0.1 Document Style `algorithmic'
\c@ALC@unique=\count103
\c@ALC@line=\count104
\c@ALC@rem=\count105
\c@ALC@depth=\count106
\ALC@tlm=\skip52
\algorithmicindent=\skip53
)
(D:\LaTex_Files\ICDM\total.aux)
LaTeX Font Info:    Checking defaults for OML/cmm/m/it on input line 363.
LaTeX Font Info:    ... okay on input line 363.
LaTeX Font Info:    Checking defaults for T1/cmr/m/n on input line 363.
LaTeX Font Info:    ... okay on input line 363.
LaTeX Font Info:    Checking defaults for OT1/cmr/m/n on input line 363.
LaTeX Font Info:    ... okay on input line 363.
LaTeX Font Info:    Checking defaults for OMS/cmsy/m/n on input line 363.
LaTeX Font Info:    ... okay on input line 363.
LaTeX Font Info:    Checking defaults for OMX/cmex/m/n on input line 363.
LaTeX Font Info:    ... okay on input line 363.
LaTeX Font Info:    Checking defaults for U/cmr/m/n on input line 363.
LaTeX Font Info:    ... okay on input line 363.
 ("D:\MiKTeX 2.9\tex\context\base\supp-pdf.mkii"
[Loading MPS to PDF converter (version 2006.09.02).]
\scratchcounter=\count107
\scratchdimen=\dimen136
\scratchbox=\box29
\nofMPsegments=\count108
\nofMParguments=\count109
\everyMPshowfont=\toks20
\MPscratchCnt=\count110
\MPscratchDim=\dimen137
\MPnumerator=\count111
\makeMPintoPDFobject=\count112
\everyMPtoPDFconversion=\toks21
) (D:\LaTex_Files\ICDM\intro.tex
Missing character: There is no ï in font ptmr7t!
Missing character: There is no » in font ptmr7t!
Missing character: There is no ¿ in font ptmr7t!
) (D:\LaTex_Files\ICDM\background.tex [1{C:/ProgramData/MiKTeX/2.9/pdftex/confi
g/pdftex.map}


]
LaTeX Font Info:    External font `cmex10' loaded for size
(Font)              <7> on input line 3.
LaTeX Font Info:    External font `cmex10' loaded for size
(Font)              <5> on input line 3.
LaTeX Font Info:    External font `cmex10' loaded for size
(Font)              <8> on input line 3.
LaTeX Font Info:    External font `cmex10' loaded for size
(Font)              <6> on input line 3.
)
(D:\LaTex_Files\ICDM\discuss.tex
Missing character: There is no ï in font ptmr7t!
Missing character: There is no » in font ptmr7t!
Missing character: There is no ¿ in font ptmr7t!

<fig/inception.pdf, id=8, 572.1375pt x 279.0425pt>
File: fig/inception.pdf Graphic file (type pdf)
 <use fig/inception.pdf>
Package pdftex.def Info: fig/inception.pdf used on input line 11.
(pdftex.def)             Requested size: 257.45949pt x 125.56795pt.

Overfull \hbox (4.40962pt too wide) in paragraph at lines 11--11
 [][] 
 []

[2 <D:/LaTex_Files/ICDM/fig/inception.pdf>]
<fig/sashimi.png, id=26, 727.96968pt x 319.1925pt>
File: fig/sashimi.png Graphic file (type png)
 <use fig/sashimi.png>
Package pdftex.def Info: fig/sashimi.png used on input line 55.
(pdftex.def)             Requested size: 363.98395pt x 159.59586pt.
)
(D:\LaTex_Files\ICDM\domain.tex
Missing character: There is no ï in font ptmr7t!
Missing character: There is no » in font ptmr7t!
Missing character: There is no ¿ in font ptmr7t!

Underfull \vbox (badness 2744) has occurred while \output is active []

 [3]
[4 <D:/LaTex_Files/ICDM/fig/sashimi.png>]
<fig/domain.jpg, id=37, 588.69937pt x 191.21437pt>
File: fig/domain.jpg Graphic file (type jpg)
 <use fig/domain.jpg>
Package pdftex.def Info: fig/domain.jpg used on input line 69.
(pdftex.def)             Requested size: 353.22234pt x 114.72949pt.

[5] [6 <D:/LaTex_Files/ICDM/fig/domain.jpg>]
<fig/M+N.png, id=45, 844.1136pt x 431.4519pt>
File: fig/M+N.png Graphic file (type png)
 <use fig/M+N.png>
Package pdftex.def Info: fig/M+N.png used on input line 121.
(pdftex.def)             Requested size: 337.63945pt x 172.5777pt.

<fig/50W.png, id=47, 578.16pt x 431.4519pt>
File: fig/50W.png Graphic file (type png)
 <use fig/50W.png>
Package pdftex.def Info: fig/50W.png used on input line 131.
(pdftex.def)             Requested size: 157.23152pt x 117.32967pt.

<fig/100W.png, id=48, 578.16pt x 431.4519pt>
File: fig/100W.png Graphic file (type png)
 <use fig/100W.png>
Package pdftex.def Info: fig/100W.png used on input line 134.
(pdftex.def)             Requested size: 157.23152pt x 117.32967pt.

<fig/150W.png, id=49, 578.16pt x 431.4519pt>
File: fig/150W.png Graphic file (type png)
 <use fig/150W.png>
Package pdftex.def Info: fig/150W.png used on input line 137.
(pdftex.def)             Requested size: 157.23152pt x 117.32967pt.

<fig/200W.png, id=50, 578.16pt x 431.4519pt>
File: fig/200W.png Graphic file (type png)
 <use fig/200W.png>
Package pdftex.def Info: fig/200W.png used on input line 140.
(pdftex.def)             Requested size: 157.23152pt x 117.32967pt.
)
(D:\LaTex_Files\ICDM\conclusion.tex) (D:\LaTex_Files\ICDM\total.bbl [7])

** Conference Paper **
Before submitting the final camera ready copy, remember to:

 1. Manually equalize the lengths of two columns on the last page
 of your paper;

 2. Ensure that any PostScript and/or PDF output post-processing
 uses only Type 1 fonts and that every step in the generation
 process uses the appropriate paper size.

[8

 <D:/LaTex_Files/ICDM/fig/M+N.png> <D:/LaTex_Files/ICDM/fig/50W.png> <D:/LaTex_
Files/ICDM/fig/100W.png> <D:/LaTex_Files/ICDM/fig/150W.png> <D:/LaTex_Files/ICD
M/fig/200W.png>] (D:\LaTex_Files\ICDM\total.aux) ) 
Here is how much of TeX's memory you used:
 2663 strings out of 493921
 38446 string characters out of 3152883
 200266 words of memory out of 3000000
 5923 multiletter control sequences out of 15000+200000
 43674 words of font info for 77 fonts, out of 3000000 for 9000
 844 hyphenation exceptions out of 8191
 27i,11n,24p,1641b,459s stack positions out of 5000i,500n,10000p,200000b,50000s
{D:/MiKTeX 2.9/fonts/enc/dvip
s/fontname/8r.enc}<D:/MiKTeX 2.9/fonts/type1/public/amsfonts/cm/cmex10.pfb><D:/
MiKTeX 2.9/fonts/type1/public/amsfonts/cm/cmmi10.pfb><D:/MiKTeX 2.9/fonts/type1
/public/amsfonts/cm/cmmi7.pfb><D:/MiKTeX 2.9/fonts/type1/public/amsfonts/cm/cmm
i8.pfb><D:/MiKTeX 2.9/fonts/type1/public/amsfonts/cm/cmr10.pfb><D:/MiKTeX 2.9/f
onts/type1/public/amsfonts/cm/cmr7.pfb><D:/MiKTeX 2.9/fonts/type1/public/amsfon
ts/cm/cmr8.pfb><D:/MiKTeX 2.9/fonts/type1/public/amsfonts/cm/cmsy10.pfb><D:/MiK
TeX 2.9/fonts/type1/public/amsfonts/cm/cmsy7.pfb><D:/MiKTeX 2.9/fonts/type1/pub
lic/amsfonts/cm/cmsy8.pfb><D:/MiKTeX 2.9/fonts/type1/urw/times/utmb8a.pfb><D:/M
iKTeX 2.9/fonts/type1/urw/times/utmbi8a.pfb><D:/MiKTeX 2.9/fonts/type1/urw/time
s/utmr8a.pfb><D:/MiKTeX 2.9/fonts/type1/urw/times/utmri8a.pfb>
Output written on total.pdf (8 pages, 883776 bytes).
PDF statistics:
 107 PDF objects out of 1000 (max. 8388607)
 0 named destinations out of 1000 (max. 500000)
 41 words of extra memory for PDF output out of 10000 (max. 10000000)

